0 info it worked if it ends with ok
1 verbose cli [
1 verbose cli   '/data/data/com.termux/files/usr/bin/node',
1 verbose cli   '/data/data/com.termux/files/usr/bin/npm',
1 verbose cli   'install'
1 verbose cli ]
2 info using npm@6.14.10
3 info using node@v14.15.4
4 verbose npm-session d3ad1cca18c688a7
5 silly install runPreinstallTopLevelLifecycles
6 silly preinstall termux-wabot@0.0.2
7 info lifecycle termux-wabot@0.0.2~preinstall: termux-wabot@0.0.2
8 silly install loadCurrentTree
9 silly install readLocalPackageData
10 timing stage:loadCurrentTree Completed in 5846ms
11 silly install loadIdealTree
12 silly install cloneCurrentTreeToIdealTree
13 timing stage:loadIdealTree:cloneCurrentTree Completed in 30ms
14 silly install loadShrinkwrap
15 timing stage:loadIdealTree:loadShrinkwrap Completed in 1237ms
16 silly install loadAllDepsIntoIdealTree
17 http fetch GET 200 https://registry.npmjs.org/tiktok-scraper 5818ms
18 http fetch GET 200 https://registry.npmjs.org/tiktok-scraper/-/tiktok-scraper-1.4.17.tgz 276ms
19 silly pacote range manifest for tiktok-scraper@^1.4.7 fetched in 6227ms
20 http fetch GET 200 https://registry.npmjs.org/async 168ms
21 http fetch GET 200 https://registry.npmjs.org/json2csv 469ms
22 http fetch GET 200 https://registry.npmjs.org/async/-/async-3.2.0.tgz 332ms
23 silly pacote range manifest for async@^3.1.0 fetched in 562ms
24 http fetch GET 200 https://registry.npmjs.org/json2csv/-/json2csv-4.5.1.tgz 208ms
25 silly pacote version manifest for json2csv@4.5.1 fetched in 723ms
26 http fetch GET 200 https://registry.npmjs.org/jsonparse 168ms
27 http fetch GET 200 https://registry.npmjs.org/commander 196ms
28 http fetch GET 200 https://registry.npmjs.org/lodash.get 346ms
29 http fetch GET 200 https://registry.npmjs.org/jsonparse/-/jsonparse-1.3.1.tgz 218ms
30 http fetch GET 200 https://registry.npmjs.org/commander/-/commander-2.20.3.tgz 186ms
31 silly pacote range manifest for jsonparse@^1.3.1 fetched in 473ms
32 silly pacote range manifest for commander@^2.15.1 fetched in 486ms
33 http fetch GET 200 https://registry.npmjs.org/lodash.get/-/lodash.get-4.4.2.tgz 136ms
34 silly pacote range manifest for lodash.get@^4.4.2 fetched in 519ms
35 silly pacote range manifest for tiktok-scraper@^1.4.7 fetched in 20ms
36 silly resolveWithNewModule tiktok-scraper@1.4.17 checking installable status
37 silly pacote range manifest for async@^3.1.0 fetched in 13ms
38 silly resolveWithNewModule async@3.2.0 checking installable status
39 silly pacote version manifest for json2csv@4.5.1 fetched in 19ms
40 silly resolveWithNewModule json2csv@4.5.1 checking installable status
41 silly pacote range manifest for commander@^2.15.1 fetched in 20ms
42 silly resolveWithNewModule commander@2.20.3 checking installable status
43 silly pacote range manifest for jsonparse@^1.3.1 fetched in 25ms
44 silly resolveWithNewModule jsonparse@1.3.1 checking installable status
45 silly pacote range manifest for lodash.get@^4.4.2 fetched in 32ms
46 silly resolveWithNewModule lodash.get@4.4.2 checking installable status
47 timing stage:loadIdealTree:loadAllDepsIntoIdealTree Completed in 10942ms
48 timing stage:loadIdealTree Completed in 13335ms
49 silly currentTree termux-wabot@0.0.2
49 silly currentTree ├── @adiwajshing/baileys@4.0.0
49 silly currentTree ├── @adiwajshing/keyed-db@0.2.4
49 silly currentTree ├── @babel/runtime@7.12.13
49 silly currentTree ├── @hapi/bourne@2.0.0
49 silly currentTree ├── @jimp/bmp@0.16.1
49 silly currentTree ├── @jimp/core@0.16.1
49 silly currentTree ├── @jimp/custom@0.16.1
49 silly currentTree ├── @jimp/gif@0.16.1
49 silly currentTree ├── @jimp/jpeg@0.16.1
49 silly currentTree ├── @jimp/plugin-blit@0.16.1
49 silly currentTree ├── @jimp/plugin-blur@0.16.1
49 silly currentTree ├── @jimp/plugin-circle@0.16.1
49 silly currentTree ├── @jimp/plugin-color@0.16.1
49 silly currentTree ├── @jimp/plugin-contain@0.16.1
49 silly currentTree ├── @jimp/plugin-cover@0.16.1
49 silly currentTree ├── @jimp/plugin-crop@0.16.1
49 silly currentTree ├── @jimp/plugin-displace@0.16.1
49 silly currentTree ├── @jimp/plugin-dither@0.16.1
49 silly currentTree ├── @jimp/plugin-fisheye@0.16.1
49 silly currentTree ├── @jimp/plugin-flip@0.16.1
49 silly currentTree ├── @jimp/plugin-gaussian@0.16.1
49 silly currentTree ├── @jimp/plugin-invert@0.16.1
49 silly currentTree ├── @jimp/plugin-mask@0.16.1
49 silly currentTree ├── @jimp/plugin-normalize@0.16.1
49 silly currentTree ├── @jimp/plugin-print@0.16.1
49 silly currentTree ├── @jimp/plugin-resize@0.16.1
49 silly currentTree ├── @jimp/plugin-rotate@0.16.1
49 silly currentTree ├── @jimp/plugin-scale@0.16.1
49 silly currentTree ├── @jimp/plugin-shadow@0.16.1
49 silly currentTree ├── @jimp/plugin-threshold@0.16.1
49 silly currentTree ├── @jimp/plugins@0.16.1
49 silly currentTree ├── @jimp/png@0.16.1
49 silly currentTree ├── @jimp/tiff@0.16.1
49 silly currentTree ├── @jimp/types@0.16.1
49 silly currentTree ├── @jimp/utils@0.16.1
49 silly currentTree ├─┬ @kagchi/kag-api@1.5.5
49 silly currentTree │ └── axios@0.20.0
49 silly currentTree ├── @protobufjs/aspromise@1.1.2
49 silly currentTree ├── @protobufjs/base64@1.1.2
49 silly currentTree ├── @protobufjs/codegen@2.0.4
49 silly currentTree ├── @protobufjs/eventemitter@1.1.0
49 silly currentTree ├── @protobufjs/fetch@1.1.0
49 silly currentTree ├── @protobufjs/float@1.0.2
49 silly currentTree ├── @protobufjs/inquire@1.1.0
49 silly currentTree ├── @protobufjs/path@1.1.2
49 silly currentTree ├── @protobufjs/pool@1.1.0
49 silly currentTree ├── @protobufjs/utf8@1.1.0
49 silly currentTree ├── @sindresorhus/is@4.0.0
49 silly currentTree ├── @szmarczak/http-timer@4.0.5
49 silly currentTree ├── @tokenizer/token@0.1.1
49 silly currentTree ├── @types/cacheable-request@6.0.1
49 silly currentTree ├── @types/debug@4.1.5
49 silly currentTree ├── @types/http-cache-semantics@4.0.0
49 silly currentTree ├── @types/keyv@3.1.1
49 silly currentTree ├── @types/long@4.0.1
49 silly currentTree ├── @types/node@14.14.28
49 silly currentTree ├── @types/readable-stream@2.3.9
49 silly currentTree ├── @types/responselike@1.0.0
49 silly currentTree ├── agent-base@6.0.2
49 silly currentTree ├── ajv@6.12.6
49 silly currentTree ├── ansi-regex@4.1.0
49 silly currentTree ├── ansi-styles@3.2.1
49 silly currentTree ├── any-base@1.1.0
49 silly currentTree ├─┬ archiver-utils@2.1.0
49 silly currentTree │ ├── readable-stream@2.3.7
49 silly currentTree │ ├── safe-buffer@5.1.2
49 silly currentTree │ └── string_decoder@1.1.1
49 silly currentTree ├── archiver@3.1.1
49 silly currentTree ├─┬ args@5.0.1
49 silly currentTree │ └── chalk@2.4.2
49 silly currentTree ├── asn1@0.2.4
49 silly currentTree ├── assert-plus@1.0.0
49 silly currentTree ├── async@2.6.3
49 silly currentTree ├── asynckit@0.4.0
49 silly currentTree ├── atomic-sleep@1.0.0
49 silly currentTree ├── aws-sign2@0.7.0
49 silly currentTree ├── aws4@1.11.0
49 silly currentTree ├── axios@0.21.1
49 silly currentTree ├── balanced-match@1.0.0
49 silly currentTree ├── base64-js@1.5.1
49 silly currentTree ├── bcrypt-pbkdf@1.0.2
49 silly currentTree ├── bl@4.1.0
49 silly currentTree ├── bluebird@3.7.2
49 silly currentTree ├── bmp-js@0.1.0
49 silly currentTree ├── brace-expansion@1.1.11
49 silly currentTree ├── buffer-crc32@0.2.13
49 silly currentTree ├── buffer-equal@0.0.1
49 silly currentTree ├── buffer@5.7.1
49 silly currentTree ├── cacheable-lookup@5.0.4
49 silly currentTree ├── cacheable-request@7.0.1
49 silly currentTree ├── camelcase@5.0.0
49 silly currentTree ├── caseless@0.12.0
49 silly currentTree ├── cfonts@2.9.1
49 silly currentTree ├─┬ chalk@4.1.0
49 silly currentTree │ ├── ansi-styles@4.3.0
49 silly currentTree │ ├── color-convert@2.0.1
49 silly currentTree │ ├── color-name@1.1.4
49 silly currentTree │ ├── has-flag@4.0.0
49 silly currentTree │ └── supports-color@7.2.0
49 silly currentTree ├── cli-cursor@3.1.0
49 silly currentTree ├── cli-spinners@2.5.0
49 silly currentTree ├── cliui@5.0.0
49 silly currentTree ├── clone-response@1.0.2
49 silly currentTree ├── clone@1.0.4
49 silly currentTree ├── color-convert@1.9.3
49 silly currentTree ├── color-name@1.1.3
49 silly currentTree ├── combined-stream@1.0.8
49 silly currentTree ├─┬ compress-commons@2.1.1
49 silly currentTree │ ├── readable-stream@2.3.7
49 silly currentTree │ ├── safe-buffer@5.1.2
49 silly currentTree │ └── string_decoder@1.1.1
49 silly currentTree ├── concat-map@0.0.1
49 silly currentTree ├── content-type@1.0.4
49 silly currentTree ├── core-util-is@1.0.2
49 silly currentTree ├── crc@3.8.0
49 silly currentTree ├── crc32-stream@3.0.1
49 silly currentTree ├── curve25519-js@0.0.4
49 silly currentTree ├── dashdash@1.14.1
49 silly currentTree ├── dateformat@3.0.3
49 silly currentTree ├── debug@4.3.1
49 silly currentTree ├── decamelize@1.2.0
49 silly currentTree ├─┬ decompress-response@6.0.0
49 silly currentTree │ └── mimic-response@3.1.0
49 silly currentTree ├── defaults@1.0.3
49 silly currentTree ├── defer-to-connect@2.0.0
49 silly currentTree ├── define-property@1.0.0
49 silly currentTree ├── delayed-stream@1.0.0
49 silly currentTree ├── dom-walk@0.1.2
49 silly currentTree ├── ecc-jsbn@0.1.2
49 silly currentTree ├── emoji-regex@7.0.3
49 silly currentTree ├── end-of-stream@1.4.4
49 silly currentTree ├── escape-string-regexp@1.0.5
49 silly currentTree ├── exif-parser@0.1.12
49 silly currentTree ├── extend@3.0.2
49 silly currentTree ├── extsprintf@1.3.0
49 silly currentTree ├── fake-useragent@1.0.1
49 silly currentTree ├── fast-deep-equal@3.1.3
49 silly currentTree ├── fast-json-stable-stringify@2.1.0
49 silly currentTree ├── fast-redact@3.0.0
49 silly currentTree ├── fast-safe-stringify@2.0.7
49 silly currentTree ├── file-type@9.0.0
49 silly currentTree ├── find-up@3.0.0
49 silly currentTree ├── flatstr@1.0.12
49 silly currentTree ├── fluent-ffmpeg@2.1.2
49 silly currentTree ├── follow-redirects@1.13.2
49 silly currentTree ├── forever-agent@0.6.1
49 silly currentTree ├── form-data@2.3.3
49 silly currentTree ├── fs-constants@1.0.0
49 silly currentTree ├── fs.realpath@1.0.0
49 silly currentTree ├── futoin-hkdf@1.3.3
49 silly currentTree ├── get-caller-file@2.0.5
49 silly currentTree ├── get-stream@5.2.0
49 silly currentTree ├── getpass@0.1.7
49 silly currentTree ├── gifwrap@0.9.2
49 silly currentTree ├── glob@7.1.6
49 silly currentTree ├── global@4.4.0
49 silly currentTree ├── got@11.8.1
49 silly currentTree ├── graceful-fs@4.2.6
49 silly currentTree ├── har-schema@2.0.0
49 silly currentTree ├── har-validator@5.1.5
49 silly currentTree ├── has-flag@3.0.0
49 silly currentTree ├── http-cache-semantics@4.1.0
49 silly currentTree ├── http-signature@1.2.0
49 silly currentTree ├── http2-wrapper@1.0.0-beta.5.2
49 silly currentTree ├── https-proxy-agent@5.0.0
49 silly currentTree ├── ieee754@1.2.1
49 silly currentTree ├── image-q@1.1.1
49 silly currentTree ├── imgbb-uploader@1.3.0
49 silly currentTree ├── inflight@1.0.6
49 silly currentTree ├── inherits@2.0.4
49 silly currentTree ├── ip@1.1.5
49 silly currentTree ├── is-accessor-descriptor@1.0.0
49 silly currentTree ├── is-buffer@1.1.6
49 silly currentTree ├── is-data-descriptor@1.0.0
49 silly currentTree ├── is-descriptor@1.0.2
49 silly currentTree ├── is-fullwidth-code-point@2.0.0
49 silly currentTree ├── is-function@1.0.2
49 silly currentTree ├── is-interactive@1.0.0
49 silly currentTree ├─┬ is-number@3.0.0
49 silly currentTree │ └── kind-of@3.2.2
49 silly currentTree ├── is-typedarray@1.0.0
49 silly currentTree ├── isarray@1.0.0
49 silly currentTree ├── isexe@2.0.0
49 silly currentTree ├── isstream@0.1.2
49 silly currentTree ├── jimp@0.16.1
49 silly currentTree ├── jmespath@0.15.0
49 silly currentTree ├── joycon@2.2.5
49 silly currentTree ├── jpeg-js@0.4.2
49 silly currentTree ├── jsbn@0.1.1
49 silly currentTree ├── json-buffer@3.0.1
49 silly currentTree ├── json-schema-traverse@0.4.1
49 silly currentTree ├── json-schema@0.2.3
49 silly currentTree ├── json-stringify-safe@5.0.1
49 silly currentTree ├── jsprim@1.4.1
49 silly currentTree ├── keyv@4.0.3
49 silly currentTree ├── kind-of@6.0.3
49 silly currentTree ├─┬ lazystream@1.0.0
49 silly currentTree │ ├── readable-stream@2.3.7
49 silly currentTree │ ├── safe-buffer@5.1.2
49 silly currentTree │ └── string_decoder@1.1.1
49 silly currentTree ├── leven@2.1.0
49 silly currentTree ├── load-bmfont@1.4.1
49 silly currentTree ├── locate-path@3.0.0
49 silly currentTree ├── lodash.defaults@4.2.0
49 silly currentTree ├── lodash.difference@4.5.0
49 silly currentTree ├── lodash.flatten@4.4.0
49 silly currentTree ├── lodash.isplainobject@4.0.6
49 silly currentTree ├── lodash.union@4.6.0
49 silly currentTree ├── lodash@4.17.20
49 silly currentTree ├─┬ log-symbols@3.0.0
49 silly currentTree │ └── chalk@2.4.2
49 silly currentTree ├── lolis.life@4.0.0
49 silly currentTree ├── long@4.0.0
49 silly currentTree ├── lowercase-keys@2.0.0
49 silly currentTree ├── media-typer@1.1.0
49 silly currentTree ├── mime-db@1.45.0
49 silly currentTree ├── mime-types@2.1.28
49 silly currentTree ├── mime@1.6.0
49 silly currentTree ├── mimic-fn@2.1.0
49 silly currentTree ├── mimic-response@1.0.1
49 silly currentTree ├── min-document@2.19.0
49 silly currentTree ├── minimatch@3.0.4
49 silly currentTree ├── minimist@1.2.5
49 silly currentTree ├── mkdirp@0.5.5
49 silly currentTree ├── moment-timezone@0.5.33
49 silly currentTree ├── moment@2.29.1
49 silly currentTree ├── mri@1.1.4
49 silly currentTree ├── ms@2.1.2
49 silly currentTree ├─┬ multistream@2.1.1
49 silly currentTree │ ├── readable-stream@2.3.7
49 silly currentTree │ ├── safe-buffer@5.1.2
49 silly currentTree │ └── string_decoder@1.1.1
49 silly currentTree ├─┬ music-metadata@7.7.0
49 silly currentTree │ └── file-type@16.2.0
49 silly currentTree ├── mute-stream@0.0.8
49 silly currentTree ├── node-fetch@2.6.1
49 silly currentTree ├── normalize-path@3.0.0
49 silly currentTree ├── normalize-url@4.5.0
49 silly currentTree ├── oauth-sign@0.9.0
49 silly currentTree ├── omggif@1.0.10
49 silly currentTree ├── once@1.4.0
49 silly currentTree ├── onetime@5.1.2
49 silly currentTree ├─┬ ora@4.1.1
49 silly currentTree │ ├── ansi-regex@5.0.0
49 silly currentTree │ ├── ansi-styles@4.3.0
49 silly currentTree │ ├── chalk@3.0.0
49 silly currentTree │ ├── color-convert@2.0.1
49 silly currentTree │ ├── color-name@1.1.4
49 silly currentTree │ ├── has-flag@4.0.0
49 silly currentTree │ ├── strip-ansi@6.0.0
49 silly currentTree │ └── supports-color@7.2.0
49 silly currentTree ├── p-cancelable@2.0.0
49 silly currentTree ├── p-limit@2.3.0
49 silly currentTree ├── p-locate@3.0.0
49 silly currentTree ├── p-try@2.2.0
49 silly currentTree ├── pako@1.0.11
49 silly currentTree ├── parse-bmfont-ascii@1.0.6
49 silly currentTree ├── parse-bmfont-binary@1.0.6
49 silly currentTree ├── parse-bmfont-xml@1.1.4
49 silly currentTree ├── parse-headers@2.0.3
49 silly currentTree ├── path-exists@3.0.0
49 silly currentTree ├── path-is-absolute@1.0.1
49 silly currentTree ├── peek-readable@3.1.3
49 silly currentTree ├── performance-now@2.1.0
49 silly currentTree ├── phin@2.9.3
49 silly currentTree ├── pino-pretty@4.5.0
49 silly currentTree ├── pino-std-serializers@3.2.0
49 silly currentTree ├── pino@6.11.1
49 silly currentTree ├── pixelmatch@4.0.2
49 silly currentTree ├── pngjs@3.4.0
49 silly currentTree ├── process-nextick-args@2.0.1
49 silly currentTree ├── process@0.11.10
49 silly currentTree ├── progress@2.0.3
49 silly currentTree ├─┬ protobufjs@6.10.2
49 silly currentTree │ └── @types/node@13.13.42
49 silly currentTree ├── psl@1.8.0
49 silly currentTree ├── pump@3.0.0
49 silly currentTree ├── punycode@2.1.1
49 silly currentTree ├── qrcode-terminal@0.12.0
49 silly currentTree ├── qs@6.5.2
49 silly currentTree ├── quick-format-unescaped@4.0.1
49 silly currentTree ├── quick-lru@5.1.1
49 silly currentTree ├── readable-stream@3.6.0
49 silly currentTree ├── readable-web-to-node-stream@3.0.1
49 silly currentTree ├── regenerator-runtime@0.13.7
49 silly currentTree ├── remove.bg@1.3.0
49 silly currentTree ├── request-promise-core@1.1.4
49 silly currentTree ├── request-promise@4.2.6
49 silly currentTree ├── request@2.88.2
49 silly currentTree ├── require-directory@2.1.1
49 silly currentTree ├── require-main-filename@2.0.0
49 silly currentTree ├── resolve-alpn@1.0.0
49 silly currentTree ├── responselike@2.0.0
49 silly currentTree ├── restore-cursor@3.1.0
49 silly currentTree ├── safe-buffer@5.2.1
49 silly currentTree ├── safer-buffer@2.1.2
49 silly currentTree ├── sax@1.2.4
49 silly currentTree ├── set-blocking@2.0.0
49 silly currentTree ├── signal-exit@3.0.3
49 silly currentTree ├── smart-buffer@4.1.0
49 silly currentTree ├── socks-proxy-agent@5.0.0
49 silly currentTree ├── socks@2.5.1
49 silly currentTree ├── sonic-boom@1.3.2
49 silly currentTree ├─┬ spinnies@0.5.1
49 silly currentTree │ └── chalk@2.4.2
49 silly currentTree ├── split2@3.2.2
49 silly currentTree ├── sshpk@1.16.1
49 silly currentTree ├── stealthy-require@1.1.1
49 silly currentTree ├── string_decoder@1.3.0
49 silly currentTree ├── string-width@3.1.0
49 silly currentTree ├── strip-ansi@5.2.0
49 silly currentTree ├── strip-json-comments@3.1.1
49 silly currentTree ├── strtok3@6.0.8
49 silly currentTree ├── supports-color@5.5.0
49 silly currentTree ├── tar-stream@2.2.0
49 silly currentTree ├── timm@1.7.1
49 silly currentTree ├── tinycolor2@1.4.2
49 silly currentTree ├── token-types@2.1.1
49 silly currentTree ├── tough-cookie@2.5.0
49 silly currentTree ├── tunnel-agent@0.6.0
49 silly currentTree ├── tweetnacl@0.14.5
49 silly currentTree ├── typedarray-to-buffer@3.1.5
49 silly currentTree ├─┬ unirest@0.6.0
49 silly currentTree │ ├── async@0.9.2
49 silly currentTree │ ├── combined-stream@0.0.7
49 silly currentTree │ ├── delayed-stream@0.0.5
49 silly currentTree │ ├── form-data@0.2.0
49 silly currentTree │ ├── mime-db@1.12.0
49 silly currentTree │ ├── mime-types@2.0.14
49 silly currentTree │ └── mime@2.5.0
49 silly currentTree ├── uri-js@4.4.1
49 silly currentTree ├── utif@2.0.1
49 silly currentTree ├── util-deprecate@1.0.2
49 silly currentTree ├── uuid@3.4.0
49 silly currentTree ├── verror@1.10.0
49 silly currentTree ├── wcwidth@1.0.1
49 silly currentTree ├── which-module@2.0.0
49 silly currentTree ├── which@1.3.1
49 silly currentTree ├── window-size@1.1.1
49 silly currentTree ├── wrap-ansi@5.1.0
49 silly currentTree ├── wrappy@1.0.2
49 silly currentTree ├── ws@7.4.3
49 silly currentTree ├── xhr@2.6.0
49 silly currentTree ├── xml-parse-from-string@1.0.1
49 silly currentTree ├── xml2js@0.4.23
49 silly currentTree ├── xmlbuilder@11.0.1
49 silly currentTree ├── xtend@4.0.2
49 silly currentTree ├── y18n@4.0.1
49 silly currentTree ├── yargs-parser@15.0.1
49 silly currentTree ├── yargs@14.2.3
49 silly currentTree └── zip-stream@2.1.3
50 silly idealTree termux-wabot@0.0.2
50 silly idealTree ├── @adiwajshing/baileys@4.0.0
50 silly idealTree ├── @adiwajshing/keyed-db@0.2.4
50 silly idealTree ├── @babel/runtime@7.12.13
50 silly idealTree ├── @hapi/bourne@2.0.0
50 silly idealTree ├── @jimp/bmp@0.16.1
50 silly idealTree ├── @jimp/core@0.16.1
50 silly idealTree ├── @jimp/custom@0.16.1
50 silly idealTree ├── @jimp/gif@0.16.1
50 silly idealTree ├── @jimp/jpeg@0.16.1
50 silly idealTree ├── @jimp/plugin-blit@0.16.1
50 silly idealTree ├── @jimp/plugin-blur@0.16.1
50 silly idealTree ├── @jimp/plugin-circle@0.16.1
50 silly idealTree ├── @jimp/plugin-color@0.16.1
50 silly idealTree ├── @jimp/plugin-contain@0.16.1
50 silly idealTree ├── @jimp/plugin-cover@0.16.1
50 silly idealTree ├── @jimp/plugin-crop@0.16.1
50 silly idealTree ├── @jimp/plugin-displace@0.16.1
50 silly idealTree ├── @jimp/plugin-dither@0.16.1
50 silly idealTree ├── @jimp/plugin-fisheye@0.16.1
50 silly idealTree ├── @jimp/plugin-flip@0.16.1
50 silly idealTree ├── @jimp/plugin-gaussian@0.16.1
50 silly idealTree ├── @jimp/plugin-invert@0.16.1
50 silly idealTree ├── @jimp/plugin-mask@0.16.1
50 silly idealTree ├── @jimp/plugin-normalize@0.16.1
50 silly idealTree ├── @jimp/plugin-print@0.16.1
50 silly idealTree ├── @jimp/plugin-resize@0.16.1
50 silly idealTree ├── @jimp/plugin-rotate@0.16.1
50 silly idealTree ├── @jimp/plugin-scale@0.16.1
50 silly idealTree ├── @jimp/plugin-shadow@0.16.1
50 silly idealTree ├── @jimp/plugin-threshold@0.16.1
50 silly idealTree ├── @jimp/plugins@0.16.1
50 silly idealTree ├── @jimp/png@0.16.1
50 silly idealTree ├── @jimp/tiff@0.16.1
50 silly idealTree ├── @jimp/types@0.16.1
50 silly idealTree ├── @jimp/utils@0.16.1
50 silly idealTree ├─┬ @kagchi/kag-api@1.5.5
50 silly idealTree │ └── axios@0.20.0
50 silly idealTree ├── @protobufjs/aspromise@1.1.2
50 silly idealTree ├── @protobufjs/base64@1.1.2
50 silly idealTree ├── @protobufjs/codegen@2.0.4
50 silly idealTree ├── @protobufjs/eventemitter@1.1.0
50 silly idealTree ├── @protobufjs/fetch@1.1.0
50 silly idealTree ├── @protobufjs/float@1.0.2
50 silly idealTree ├── @protobufjs/inquire@1.1.0
50 silly idealTree ├── @protobufjs/path@1.1.2
50 silly idealTree ├── @protobufjs/pool@1.1.0
50 silly idealTree ├── @protobufjs/utf8@1.1.0
50 silly idealTree ├── @sindresorhus/is@4.0.0
50 silly idealTree ├── @szmarczak/http-timer@4.0.5
50 silly idealTree ├── @tokenizer/token@0.1.1
50 silly idealTree ├── @types/cacheable-request@6.0.1
50 silly idealTree ├── @types/debug@4.1.5
50 silly idealTree ├── @types/http-cache-semantics@4.0.0
50 silly idealTree ├── @types/keyv@3.1.1
50 silly idealTree ├── @types/long@4.0.1
50 silly idealTree ├── @types/node@14.14.28
50 silly idealTree ├── @types/readable-stream@2.3.9
50 silly idealTree ├── @types/responselike@1.0.0
50 silly idealTree ├── agent-base@6.0.2
50 silly idealTree ├── ajv@6.12.6
50 silly idealTree ├── ansi-regex@4.1.0
50 silly idealTree ├── ansi-styles@3.2.1
50 silly idealTree ├── any-base@1.1.0
50 silly idealTree ├─┬ archiver-utils@2.1.0
50 silly idealTree │ ├── readable-stream@2.3.7
50 silly idealTree │ ├── safe-buffer@5.1.2
50 silly idealTree │ └── string_decoder@1.1.1
50 silly idealTree ├── archiver@3.1.1
50 silly idealTree ├─┬ args@5.0.1
50 silly idealTree │ └── chalk@2.4.2
50 silly idealTree ├── asn1@0.2.4
50 silly idealTree ├── assert-plus@1.0.0
50 silly idealTree ├── async@2.6.3
50 silly idealTree ├── asynckit@0.4.0
50 silly idealTree ├── atomic-sleep@1.0.0
50 silly idealTree ├── aws-sign2@0.7.0
50 silly idealTree ├── aws4@1.11.0
50 silly idealTree ├── axios@0.21.1
50 silly idealTree ├── balanced-match@1.0.0
50 silly idealTree ├── base64-js@1.5.1
50 silly idealTree ├── bcrypt-pbkdf@1.0.2
50 silly idealTree ├── bl@4.1.0
50 silly idealTree ├── bluebird@3.7.2
50 silly idealTree ├── bmp-js@0.1.0
50 silly idealTree ├── brace-expansion@1.1.11
50 silly idealTree ├── buffer-crc32@0.2.13
50 silly idealTree ├── buffer-equal@0.0.1
50 silly idealTree ├── buffer@5.7.1
50 silly idealTree ├── cacheable-lookup@5.0.4
50 silly idealTree ├── cacheable-request@7.0.1
50 silly idealTree ├── camelcase@5.0.0
50 silly idealTree ├── caseless@0.12.0
50 silly idealTree ├── cfonts@2.9.1
50 silly idealTree ├─┬ chalk@4.1.0
50 silly idealTree │ ├── ansi-styles@4.3.0
50 silly idealTree │ ├── color-convert@2.0.1
50 silly idealTree │ ├── color-name@1.1.4
50 silly idealTree │ ├── has-flag@4.0.0
50 silly idealTree │ └── supports-color@7.2.0
50 silly idealTree ├── cli-cursor@3.1.0
50 silly idealTree ├── cli-spinners@2.5.0
50 silly idealTree ├── cliui@5.0.0
50 silly idealTree ├── clone-response@1.0.2
50 silly idealTree ├── clone@1.0.4
50 silly idealTree ├── color-convert@1.9.3
50 silly idealTree ├── color-name@1.1.3
50 silly idealTree ├── combined-stream@1.0.8
50 silly idealTree ├── commander@2.20.3
50 silly idealTree ├─┬ compress-commons@2.1.1
50 silly idealTree │ ├── readable-stream@2.3.7
50 silly idealTree │ ├── safe-buffer@5.1.2
50 silly idealTree │ └── string_decoder@1.1.1
50 silly idealTree ├── concat-map@0.0.1
50 silly idealTree ├── content-type@1.0.4
50 silly idealTree ├── core-util-is@1.0.2
50 silly idealTree ├── crc@3.8.0
50 silly idealTree ├── crc32-stream@3.0.1
50 silly idealTree ├── curve25519-js@0.0.4
50 silly idealTree ├── dashdash@1.14.1
50 silly idealTree ├── dateformat@3.0.3
50 silly idealTree ├── debug@4.3.1
50 silly idealTree ├── decamelize@1.2.0
50 silly idealTree ├─┬ decompress-response@6.0.0
50 silly idealTree │ └── mimic-response@3.1.0
50 silly idealTree ├── defaults@1.0.3
50 silly idealTree ├── defer-to-connect@2.0.0
50 silly idealTree ├── define-property@1.0.0
50 silly idealTree ├── delayed-stream@1.0.0
50 silly idealTree ├── dom-walk@0.1.2
50 silly idealTree ├── ecc-jsbn@0.1.2
50 silly idealTree ├── emoji-regex@7.0.3
50 silly idealTree ├── end-of-stream@1.4.4
50 silly idealTree ├── escape-string-regexp@1.0.5
50 silly idealTree ├── exif-parser@0.1.12
50 silly idealTree ├── extend@3.0.2
50 silly idealTree ├── extsprintf@1.3.0
50 silly idealTree ├── fake-useragent@1.0.1
50 silly idealTree ├── fast-deep-equal@3.1.3
50 silly idealTree ├── fast-json-stable-stringify@2.1.0
50 silly idealTree ├── fast-redact@3.0.0
50 silly idealTree ├── fast-safe-stringify@2.0.7
50 silly idealTree ├── file-type@9.0.0
50 silly idealTree ├── find-up@3.0.0
50 silly idealTree ├── flatstr@1.0.12
50 silly idealTree ├── fluent-ffmpeg@2.1.2
50 silly idealTree ├── follow-redirects@1.13.2
50 silly idealTree ├── forever-agent@0.6.1
50 silly idealTree ├── form-data@2.3.3
50 silly idealTree ├── fs-constants@1.0.0
50 silly idealTree ├── fs.realpath@1.0.0
50 silly idealTree ├── futoin-hkdf@1.3.3
50 silly idealTree ├── get-caller-file@2.0.5
50 silly idealTree ├── get-stream@5.2.0
50 silly idealTree ├── getpass@0.1.7
50 silly idealTree ├── gifwrap@0.9.2
50 silly idealTree ├── glob@7.1.6
50 silly idealTree ├── global@4.4.0
50 silly idealTree ├── got@11.8.1
50 silly idealTree ├── graceful-fs@4.2.6
50 silly idealTree ├── har-schema@2.0.0
50 silly idealTree ├── har-validator@5.1.5
50 silly idealTree ├── has-flag@3.0.0
50 silly idealTree ├── http-cache-semantics@4.1.0
50 silly idealTree ├── http-signature@1.2.0
50 silly idealTree ├── http2-wrapper@1.0.0-beta.5.2
50 silly idealTree ├── https-proxy-agent@5.0.0
50 silly idealTree ├── ieee754@1.2.1
50 silly idealTree ├── image-q@1.1.1
50 silly idealTree ├── imgbb-uploader@1.3.0
50 silly idealTree ├── inflight@1.0.6
50 silly idealTree ├── inherits@2.0.4
50 silly idealTree ├── ip@1.1.5
50 silly idealTree ├── is-accessor-descriptor@1.0.0
50 silly idealTree ├── is-buffer@1.1.6
50 silly idealTree ├── is-data-descriptor@1.0.0
50 silly idealTree ├── is-descriptor@1.0.2
50 silly idealTree ├── is-fullwidth-code-point@2.0.0
50 silly idealTree ├── is-function@1.0.2
50 silly idealTree ├── is-interactive@1.0.0
50 silly idealTree ├─┬ is-number@3.0.0
50 silly idealTree │ └── kind-of@3.2.2
50 silly idealTree ├── is-typedarray@1.0.0
50 silly idealTree ├── isarray@1.0.0
50 silly idealTree ├── isexe@2.0.0
50 silly idealTree ├── isstream@0.1.2
50 silly idealTree ├── jimp@0.16.1
50 silly idealTree ├── jmespath@0.15.0
50 silly idealTree ├── joycon@2.2.5
50 silly idealTree ├── jpeg-js@0.4.2
50 silly idealTree ├── jsbn@0.1.1
50 silly idealTree ├── json-buffer@3.0.1
50 silly idealTree ├── json-schema-traverse@0.4.1
50 silly idealTree ├── json-schema@0.2.3
50 silly idealTree ├── json-stringify-safe@5.0.1
50 silly idealTree ├── json2csv@4.5.1
50 silly idealTree ├── jsonparse@1.3.1
50 silly idealTree ├── jsprim@1.4.1
50 silly idealTree ├── keyv@4.0.3
50 silly idealTree ├── kind-of@6.0.3
50 silly idealTree ├─┬ lazystream@1.0.0
50 silly idealTree │ ├── readable-stream@2.3.7
50 silly idealTree │ ├── safe-buffer@5.1.2
50 silly idealTree │ └── string_decoder@1.1.1
50 silly idealTree ├── leven@2.1.0
50 silly idealTree ├── load-bmfont@1.4.1
50 silly idealTree ├── locate-path@3.0.0
50 silly idealTree ├── lodash.defaults@4.2.0
50 silly idealTree ├── lodash.difference@4.5.0
50 silly idealTree ├── lodash.flatten@4.4.0
50 silly idealTree ├── lodash.get@4.4.2
50 silly idealTree ├── lodash.isplainobject@4.0.6
50 silly idealTree ├── lodash.union@4.6.0
50 silly idealTree ├── lodash@4.17.20
50 silly idealTree ├─┬ log-symbols@3.0.0
50 silly idealTree │ └── chalk@2.4.2
50 silly idealTree ├── lolis.life@4.0.0
50 silly idealTree ├── long@4.0.0
50 silly idealTree ├── lowercase-keys@2.0.0
50 silly idealTree ├── media-typer@1.1.0
50 silly idealTree ├── mime-db@1.45.0
50 silly idealTree ├── mime-types@2.1.28
50 silly idealTree ├── mime@1.6.0
50 silly idealTree ├── mimic-fn@2.1.0
50 silly idealTree ├── mimic-response@1.0.1
50 silly idealTree ├── min-document@2.19.0
50 silly idealTree ├── minimatch@3.0.4
50 silly idealTree ├── minimist@1.2.5
50 silly idealTree ├── mkdirp@0.5.5
50 silly idealTree ├── moment-timezone@0.5.33
50 silly idealTree ├── moment@2.29.1
50 silly idealTree ├── mri@1.1.4
50 silly idealTree ├── ms@2.1.2
50 silly idealTree ├─┬ multistream@2.1.1
50 silly idealTree │ ├── readable-stream@2.3.7
50 silly idealTree │ ├── safe-buffer@5.1.2
50 silly idealTree │ └── string_decoder@1.1.1
50 silly idealTree ├─┬ music-metadata@7.7.0
50 silly idealTree │ └── file-type@16.2.0
50 silly idealTree ├── mute-stream@0.0.8
50 silly idealTree ├── node-fetch@2.6.1
50 silly idealTree ├── normalize-path@3.0.0
50 silly idealTree ├── normalize-url@4.5.0
50 silly idealTree ├── oauth-sign@0.9.0
50 silly idealTree ├── omggif@1.0.10
50 silly idealTree ├── once@1.4.0
50 silly idealTree ├── onetime@5.1.2
50 silly idealTree ├─┬ ora@4.1.1
50 silly idealTree │ ├── ansi-regex@5.0.0
50 silly idealTree │ ├── ansi-styles@4.3.0
50 silly idealTree │ ├── chalk@3.0.0
50 silly idealTree │ ├── color-convert@2.0.1
50 silly idealTree │ ├── color-name@1.1.4
50 silly idealTree │ ├── has-flag@4.0.0
50 silly idealTree │ ├── strip-ansi@6.0.0
50 silly idealTree │ └── supports-color@7.2.0
50 silly idealTree ├── p-cancelable@2.0.0
50 silly idealTree ├── p-limit@2.3.0
50 silly idealTree ├── p-locate@3.0.0
50 silly idealTree ├── p-try@2.2.0
50 silly idealTree ├── pako@1.0.11
50 silly idealTree ├── parse-bmfont-ascii@1.0.6
50 silly idealTree ├── parse-bmfont-binary@1.0.6
50 silly idealTree ├── parse-bmfont-xml@1.1.4
50 silly idealTree ├── parse-headers@2.0.3
50 silly idealTree ├── path-exists@3.0.0
50 silly idealTree ├── path-is-absolute@1.0.1
50 silly idealTree ├── peek-readable@3.1.3
50 silly idealTree ├── performance-now@2.1.0
50 silly idealTree ├── phin@2.9.3
50 silly idealTree ├── pino-pretty@4.5.0
50 silly idealTree ├── pino-std-serializers@3.2.0
50 silly idealTree ├── pino@6.11.1
50 silly idealTree ├── pixelmatch@4.0.2
50 silly idealTree ├── pngjs@3.4.0
50 silly idealTree ├── process-nextick-args@2.0.1
50 silly idealTree ├── process@0.11.10
50 silly idealTree ├── progress@2.0.3
50 silly idealTree ├─┬ protobufjs@6.10.2
50 silly idealTree │ └── @types/node@13.13.42
50 silly idealTree ├── psl@1.8.0
50 silly idealTree ├── pump@3.0.0
50 silly idealTree ├── punycode@2.1.1
50 silly idealTree ├── qrcode-terminal@0.12.0
50 silly idealTree ├── qs@6.5.2
50 silly idealTree ├── quick-format-unescaped@4.0.1
50 silly idealTree ├── quick-lru@5.1.1
50 silly idealTree ├── readable-stream@3.6.0
50 silly idealTree ├── readable-web-to-node-stream@3.0.1
50 silly idealTree ├── regenerator-runtime@0.13.7
50 silly idealTree ├── remove.bg@1.3.0
50 silly idealTree ├── request-promise-core@1.1.4
50 silly idealTree ├── request-promise@4.2.6
50 silly idealTree ├── request@2.88.2
50 silly idealTree ├── require-directory@2.1.1
50 silly idealTree ├── require-main-filename@2.0.0
50 silly idealTree ├── resolve-alpn@1.0.0
50 silly idealTree ├── responselike@2.0.0
50 silly idealTree ├── restore-cursor@3.1.0
50 silly idealTree ├── safe-buffer@5.2.1
50 silly idealTree ├── safer-buffer@2.1.2
50 silly idealTree ├── sax@1.2.4
50 silly idealTree ├── set-blocking@2.0.0
50 silly idealTree ├── signal-exit@3.0.3
50 silly idealTree ├── smart-buffer@4.1.0
50 silly idealTree ├── socks-proxy-agent@5.0.0
50 silly idealTree ├── socks@2.5.1
50 silly idealTree ├── sonic-boom@1.3.2
50 silly idealTree ├─┬ spinnies@0.5.1
50 silly idealTree │ └── chalk@2.4.2
50 silly idealTree ├── split2@3.2.2
50 silly idealTree ├── sshpk@1.16.1
50 silly idealTree ├── stealthy-require@1.1.1
50 silly idealTree ├── string_decoder@1.3.0
50 silly idealTree ├── string-width@3.1.0
50 silly idealTree ├── strip-ansi@5.2.0
50 silly idealTree ├── strip-json-comments@3.1.1
50 silly idealTree ├── strtok3@6.0.8
50 silly idealTree ├── supports-color@5.5.0
50 silly idealTree ├── tar-stream@2.2.0
50 silly idealTree ├─┬ tiktok-scraper@1.4.17
50 silly idealTree │ └── async@3.2.0
50 silly idealTree ├── timm@1.7.1
50 silly idealTree ├── tinycolor2@1.4.2
50 silly idealTree ├── token-types@2.1.1
50 silly idealTree ├── tough-cookie@2.5.0
50 silly idealTree ├── tunnel-agent@0.6.0
50 silly idealTree ├── tweetnacl@0.14.5
50 silly idealTree ├── typedarray-to-buffer@3.1.5
50 silly idealTree ├─┬ unirest@0.6.0
50 silly idealTree │ ├── async@0.9.2
50 silly idealTree │ ├── combined-stream@0.0.7
50 silly idealTree │ ├── delayed-stream@0.0.5
50 silly idealTree │ ├── form-data@0.2.0
50 silly idealTree │ ├── mime-db@1.12.0
50 silly idealTree │ ├── mime-types@2.0.14
50 silly idealTree │ └── mime@2.5.0
50 silly idealTree ├── uri-js@4.4.1
50 silly idealTree ├── utif@2.0.1
50 silly idealTree ├── util-deprecate@1.0.2
50 silly idealTree ├── uuid@3.4.0
50 silly idealTree ├── verror@1.10.0
50 silly idealTree ├── wcwidth@1.0.1
50 silly idealTree ├── which-module@2.0.0
50 silly idealTree ├── which@1.3.1
50 silly idealTree ├── window-size@1.1.1
50 silly idealTree ├── wrap-ansi@5.1.0
50 silly idealTree ├── wrappy@1.0.2
50 silly idealTree ├── ws@7.4.3
50 silly idealTree ├── xhr@2.6.0
50 silly idealTree ├── xml-parse-from-string@1.0.1
50 silly idealTree ├── xml2js@0.4.23
50 silly idealTree ├── xmlbuilder@11.0.1
50 silly idealTree ├── xtend@4.0.2
50 silly idealTree ├── y18n@4.0.1
50 silly idealTree ├── yargs-parser@15.0.1
50 silly idealTree ├── yargs@14.2.3
50 silly idealTree └── zip-stream@2.1.3
51 silly install generateActionsToTake
52 timing stage:generateActionsToTake Completed in 275ms
53 silly diffTrees action count 6
54 silly diffTrees add commander@2.20.3
55 silly diffTrees add jsonparse@1.3.1
56 silly diffTrees add lodash.get@4.4.2
57 silly diffTrees add json2csv@4.5.1
58 silly diffTrees add async@3.2.0
59 silly diffTrees add tiktok-scraper@1.4.17
60 silly decomposeActions action count 48
61 silly decomposeActions fetch commander@2.20.3
62 silly decomposeActions extract commander@2.20.3
63 silly decomposeActions preinstall commander@2.20.3
64 silly decomposeActions build commander@2.20.3
65 silly decomposeActions install commander@2.20.3
66 silly decomposeActions postinstall commander@2.20.3
67 silly decomposeActions finalize commander@2.20.3
68 silly decomposeActions refresh-package-json commander@2.20.3
69 silly decomposeActions fetch jsonparse@1.3.1
70 silly decomposeActions extract jsonparse@1.3.1
71 silly decomposeActions preinstall jsonparse@1.3.1
72 silly decomposeActions build jsonparse@1.3.1
73 silly decomposeActions install jsonparse@1.3.1
74 silly decomposeActions postinstall jsonparse@1.3.1
75 silly decomposeActions finalize jsonparse@1.3.1
76 silly decomposeActions refresh-package-json jsonparse@1.3.1
77 silly decomposeActions fetch lodash.get@4.4.2
78 silly decomposeActions extract lodash.get@4.4.2
79 silly decomposeActions preinstall lodash.get@4.4.2
80 silly decomposeActions build lodash.get@4.4.2
81 silly decomposeActions install lodash.get@4.4.2
82 silly decomposeActions postinstall lodash.get@4.4.2
83 silly decomposeActions finalize lodash.get@4.4.2
84 silly decomposeActions refresh-package-json lodash.get@4.4.2
85 silly decomposeActions fetch json2csv@4.5.1
86 silly decomposeActions extract json2csv@4.5.1
87 silly decomposeActions preinstall json2csv@4.5.1
88 silly decomposeActions build json2csv@4.5.1
89 silly decomposeActions install json2csv@4.5.1
90 silly decomposeActions postinstall json2csv@4.5.1
91 silly decomposeActions finalize json2csv@4.5.1
92 silly decomposeActions refresh-package-json json2csv@4.5.1
93 silly decomposeActions fetch async@3.2.0
94 silly decomposeActions extract async@3.2.0
95 silly decomposeActions preinstall async@3.2.0
96 silly decomposeActions build async@3.2.0
97 silly decomposeActions install async@3.2.0
98 silly decomposeActions postinstall async@3.2.0
99 silly decomposeActions finalize async@3.2.0
100 silly decomposeActions refresh-package-json async@3.2.0
101 silly decomposeActions fetch tiktok-scraper@1.4.17
102 silly decomposeActions extract tiktok-scraper@1.4.17
103 silly decomposeActions preinstall tiktok-scraper@1.4.17
104 silly decomposeActions build tiktok-scraper@1.4.17
105 silly decomposeActions install tiktok-scraper@1.4.17
106 silly decomposeActions postinstall tiktok-scraper@1.4.17
107 silly decomposeActions finalize tiktok-scraper@1.4.17
108 silly decomposeActions refresh-package-json tiktok-scraper@1.4.17
109 silly install executeActions
110 silly doSerial global-install 48
111 verbose correctMkdir /data/data/com.termux/files/home/.npm/_locks correctMkdir not in flight; initializing
112 verbose lock using /data/data/com.termux/files/home/.npm/_locks/staging-ac4acbef84fc8ae9.lock for /storage/emulated/0/olaf/node_modules/.staging
113 silly doParallel extract 6
114 silly extract commander@2.20.3
115 silly extract jsonparse@1.3.1
116 silly extract lodash.get@4.4.2
117 silly extract json2csv@4.5.1
118 silly extract async@3.2.0
119 silly extract tiktok-scraper@1.4.17
120 silly tarball trying commander@^2.15.1 by hash: sha512-GpVkmM8vF2vQUkj2LvZmD35JxeJOLCwJ9cUkugyk2nuhbv3+mJvpLYYt+0+USMxE+oj+ey/lJEnhZw75x/OMcQ==
121 silly tarball trying jsonparse@^1.3.1 by hash: sha1-P02uSpH6wxX3EGL4UhzCOfE2YoA=
122 silly tarball trying lodash.get@^4.4.2 by hash: sha1-LRd/ZS+jHpObRDjVNBSZ36OCXpk=
123 silly tarball trying json2csv@4.5.1 by hash: sha512-o90Xa1ziGk3i7AJEO79Jac4+7SEUk58/DxS5mDPW6GF7poX0y7Y0pm1FbWrkz9VzKE4MpUW9aKBOCpJ0U1Ua8A==
124 silly tarball trying async@^3.1.0 by hash: sha512-TR2mEZFVOj2pLStYxLht7TyfuRzaydfpxr3k9RpHIzMgw7A64dzsdqCxH1WJyQdoe8T10nDXd9wnEigmiuHIZw==
125 silly tarball trying tiktok-scraper@^1.4.7 by hash: sha512-8ksJWOqlspoqWtmZllGHRy/ssI4SMl2GG912BxzEoJL35RX66MjmoKbHfUsdOIHohI4bO+/F5K0dd1mEtbWz7g==
126 silly extract lodash.get@^4.4.2 extracted to /storage/emulated/0/olaf/node_modules/.staging/lodash.get-c75cdc48 (406ms)
127 silly extract commander@^2.15.1 extracted to /storage/emulated/0/olaf/node_modules/.staging/commander-24ad6aa8 (456ms)
128 silly extract jsonparse@^1.3.1 extracted to /storage/emulated/0/olaf/node_modules/.staging/jsonparse-3221f3f7 (513ms)
129 silly extract json2csv@4.5.1 extracted to /storage/emulated/0/olaf/node_modules/.staging/json2csv-f9ed7921 (632ms)
130 silly extract tiktok-scraper@^1.4.7 extracted to /storage/emulated/0/olaf/node_modules/.staging/tiktok-scraper-714469ce (665ms)
131 silly extract async@^3.1.0 extracted to /storage/emulated/0/olaf/node_modules/.staging/async-e898928a (904ms)
132 timing action:extract Completed in 924ms
133 silly doReverseSerial unbuild 48
134 silly doSerial remove 48
135 silly doSerial move 48
136 silly doSerial finalize 48
137 silly finalize /storage/emulated/0/olaf/node_modules/commander
138 silly finalize /storage/emulated/0/olaf/node_modules/jsonparse
139 silly finalize /storage/emulated/0/olaf/node_modules/lodash.get
140 silly finalize /storage/emulated/0/olaf/node_modules/json2csv
141 silly finalize /storage/emulated/0/olaf/node_modules/tiktok-scraper/node_modules/async
142 silly finalize /storage/emulated/0/olaf/node_modules/tiktok-scraper
143 timing action:finalize Completed in 101ms
144 silly doParallel refresh-package-json 6
145 silly refresh-package-json /storage/emulated/0/olaf/node_modules/commander
146 silly refresh-package-json /storage/emulated/0/olaf/node_modules/jsonparse
147 silly refresh-package-json /storage/emulated/0/olaf/node_modules/lodash.get
148 silly refresh-package-json /storage/emulated/0/olaf/node_modules/json2csv
149 silly refresh-package-json /storage/emulated/0/olaf/node_modules/tiktok-scraper/node_modules/async
150 silly refresh-package-json /storage/emulated/0/olaf/node_modules/tiktok-scraper
151 timing action:refresh-package-json Completed in 167ms
152 silly doParallel preinstall 6
153 silly preinstall commander@2.20.3
154 info lifecycle commander@2.20.3~preinstall: commander@2.20.3
155 silly preinstall jsonparse@1.3.1
156 info lifecycle jsonparse@1.3.1~preinstall: jsonparse@1.3.1
157 silly preinstall lodash.get@4.4.2
158 info lifecycle lodash.get@4.4.2~preinstall: lodash.get@4.4.2
159 silly preinstall json2csv@4.5.1
160 info lifecycle json2csv@4.5.1~preinstall: json2csv@4.5.1
161 silly preinstall async@3.2.0
162 info lifecycle async@3.2.0~preinstall: async@3.2.0
163 silly preinstall tiktok-scraper@1.4.17
164 info lifecycle tiktok-scraper@1.4.17~preinstall: tiktok-scraper@1.4.17
165 timing action:preinstall Completed in 6ms
166 silly doSerial build 48
167 silly build commander@2.20.3
168 info linkStuff commander@2.20.3
169 silly linkStuff commander@2.20.3 has /storage/emulated/0/olaf/node_modules as its parent node_modules
170 silly build jsonparse@1.3.1
171 info linkStuff jsonparse@1.3.1
172 silly linkStuff jsonparse@1.3.1 has /storage/emulated/0/olaf/node_modules as its parent node_modules
173 silly build lodash.get@4.4.2
174 info linkStuff lodash.get@4.4.2
175 silly linkStuff lodash.get@4.4.2 has /storage/emulated/0/olaf/node_modules as its parent node_modules
176 silly build json2csv@4.5.1
177 info linkStuff json2csv@4.5.1
178 silly linkStuff json2csv@4.5.1 has /storage/emulated/0/olaf/node_modules as its parent node_modules
179 verbose linkBins [
179 verbose linkBins   { json2csv: 'bin/json2csv.js' },
179 verbose linkBins   '/storage/emulated/0/olaf/node_modules/.bin',
179 verbose linkBins   false
179 verbose linkBins ]
180 silly gently link link does not already exist {
180 silly gently link   link: '/storage/emulated/0/olaf/node_modules/.bin/json2csv',
180 silly gently link   target: '/storage/emulated/0/olaf/node_modules/json2csv/bin/json2csv.js'
180 silly gently link }
181 timing action:build Completed in 39ms
182 verbose unlock done using /data/data/com.termux/files/home/.npm/_locks/staging-ac4acbef84fc8ae9.lock for /storage/emulated/0/olaf/node_modules/.staging
183 timing stage:rollbackFailedOptional Completed in 343ms
184 timing stage:runTopLevelLifecycles Completed in 22244ms
185 silly saveTree termux-wabot@0.0.2
185 silly saveTree ├─┬ @adiwajshing/baileys@4.0.0
185 silly saveTree │ ├── @adiwajshing/keyed-db@0.2.4
185 silly saveTree │ ├── curve25519-js@0.0.4
185 silly saveTree │ ├── futoin-hkdf@1.3.3
185 silly saveTree │ ├─┬ got@11.8.1
185 silly saveTree │ │ ├── @sindresorhus/is@4.0.0
185 silly saveTree │ │ ├─┬ @szmarczak/http-timer@4.0.5
185 silly saveTree │ │ │ └── defer-to-connect@2.0.0
185 silly saveTree │ │ ├─┬ @types/cacheable-request@6.0.1
185 silly saveTree │ │ │ ├── @types/http-cache-semantics@4.0.0
185 silly saveTree │ │ │ ├─┬ @types/keyv@3.1.1
185 silly saveTree │ │ │ │ └── @types/node@14.14.28
185 silly saveTree │ │ │ ├── @types/node@14.14.28
185 silly saveTree │ │ │ └── @types/responselike@1.0.0
185 silly saveTree │ │ ├── @types/responselike@1.0.0
185 silly saveTree │ │ ├── cacheable-lookup@5.0.4
185 silly saveTree │ │ ├─┬ cacheable-request@7.0.1
185 silly saveTree │ │ │ ├─┬ clone-response@1.0.2
185 silly saveTree │ │ │ │ └── mimic-response@1.0.1
185 silly saveTree │ │ │ ├─┬ get-stream@5.2.0
185 silly saveTree │ │ │ │ └─┬ pump@3.0.0
185 silly saveTree │ │ │ │   ├─┬ end-of-stream@1.4.4
185 silly saveTree │ │ │ │   │ └─┬ once@1.4.0
185 silly saveTree │ │ │ │   │   └── wrappy@1.0.2
185 silly saveTree │ │ │ │   └── once@1.4.0
185 silly saveTree │ │ │ ├── http-cache-semantics@4.1.0
185 silly saveTree │ │ │ ├─┬ keyv@4.0.3
185 silly saveTree │ │ │ │ └── json-buffer@3.0.1
185 silly saveTree │ │ │ ├── lowercase-keys@2.0.0
185 silly saveTree │ │ │ ├── normalize-url@4.5.0
185 silly saveTree │ │ │ └── responselike@2.0.0
185 silly saveTree │ │ ├─┬ decompress-response@6.0.0
185 silly saveTree │ │ │ └── mimic-response@3.1.0
185 silly saveTree │ │ ├─┬ http2-wrapper@1.0.0-beta.5.2
185 silly saveTree │ │ │ ├── quick-lru@5.1.1
185 silly saveTree │ │ │ └── resolve-alpn@1.0.0
185 silly saveTree │ │ ├── lowercase-keys@2.0.0
185 silly saveTree │ │ ├── p-cancelable@2.0.0
185 silly saveTree │ │ └── responselike@2.0.0
185 silly saveTree │ ├─┬ https-proxy-agent@5.0.0
185 silly saveTree │ │ ├─┬ agent-base@6.0.2
185 silly saveTree │ │ │ └─┬ debug@4.3.1
185 silly saveTree │ │ │   └── ms@2.1.2
185 silly saveTree │ │ └── debug@4.3.1
185 silly saveTree │ ├─┬ jimp@0.16.1
185 silly saveTree │ │ ├─┬ @babel/runtime@7.12.13
185 silly saveTree │ │ │ └── regenerator-runtime@0.13.7
185 silly saveTree │ │ ├─┬ @jimp/custom@0.16.1
185 silly saveTree │ │ │ └─┬ @jimp/core@0.16.1
185 silly saveTree │ │ │   ├── @jimp/utils@0.16.1
185 silly saveTree │ │ │   ├── any-base@1.1.0
185 silly saveTree │ │ │   ├─┬ buffer@5.7.1
185 silly saveTree │ │ │   │ ├── base64-js@1.5.1
185 silly saveTree │ │ │   │ └── ieee754@1.2.1
185 silly saveTree │ │ │   ├── exif-parser@0.1.12
185 silly saveTree │ │ │   ├── file-type@9.0.0
185 silly saveTree │ │ │   ├─┬ load-bmfont@1.4.1
185 silly saveTree │ │ │   │ ├── buffer-equal@0.0.1
185 silly saveTree │ │ │   │ ├── mime@1.6.0
185 silly saveTree │ │ │   │ ├── parse-bmfont-ascii@1.0.6
185 silly saveTree │ │ │   │ ├── parse-bmfont-binary@1.0.6
185 silly saveTree │ │ │   │ ├─┬ parse-bmfont-xml@1.1.4
185 silly saveTree │ │ │   │ │ ├── xml-parse-from-string@1.0.1
185 silly saveTree │ │ │   │ │ └─┬ xml2js@0.4.23
185 silly saveTree │ │ │   │ │   ├── sax@1.2.4
185 silly saveTree │ │ │   │ │   └── xmlbuilder@11.0.1
185 silly saveTree │ │ │   │ ├── phin@2.9.3
185 silly saveTree │ │ │   │ ├─┬ xhr@2.6.0
185 silly saveTree │ │ │   │ │ ├─┬ global@4.4.0
185 silly saveTree │ │ │   │ │ │ ├─┬ min-document@2.19.0
185 silly saveTree │ │ │   │ │ │ │ └── dom-walk@0.1.2
185 silly saveTree │ │ │   │ │ │ └── process@0.11.10
185 silly saveTree │ │ │   │ │ ├── is-function@1.0.2
185 silly saveTree │ │ │   │ │ ├── parse-headers@2.0.3
185 silly saveTree │ │ │   │ │ └── xtend@4.0.2
185 silly saveTree │ │ │   │ └── xtend@4.0.2
185 silly saveTree │ │ │   ├─┬ mkdirp@0.5.5
185 silly saveTree │ │ │   │ └── minimist@1.2.5
185 silly saveTree │ │ │   ├── phin@2.9.3
185 silly saveTree │ │ │   ├─┬ pixelmatch@4.0.2
185 silly saveTree │ │ │   │ └── pngjs@3.4.0
185 silly saveTree │ │ │   └── tinycolor2@1.4.2
185 silly saveTree │ │ ├─┬ @jimp/plugins@0.16.1
185 silly saveTree │ │ │ ├── @jimp/plugin-blit@0.16.1
185 silly saveTree │ │ │ ├── @jimp/plugin-blur@0.16.1
185 silly saveTree │ │ │ ├── @jimp/plugin-circle@0.16.1
185 silly saveTree │ │ │ ├── @jimp/plugin-color@0.16.1
185 silly saveTree │ │ │ ├── @jimp/plugin-contain@0.16.1
185 silly saveTree │ │ │ ├── @jimp/plugin-cover@0.16.1
185 silly saveTree │ │ │ ├── @jimp/plugin-crop@0.16.1
185 silly saveTree │ │ │ ├── @jimp/plugin-displace@0.16.1
185 silly saveTree │ │ │ ├── @jimp/plugin-dither@0.16.1
185 silly saveTree │ │ │ ├── @jimp/plugin-fisheye@0.16.1
185 silly saveTree │ │ │ ├── @jimp/plugin-flip@0.16.1
185 silly saveTree │ │ │ ├── @jimp/plugin-gaussian@0.16.1
185 silly saveTree │ │ │ ├── @jimp/plugin-invert@0.16.1
185 silly saveTree │ │ │ ├── @jimp/plugin-mask@0.16.1
185 silly saveTree │ │ │ ├── @jimp/plugin-normalize@0.16.1
185 silly saveTree │ │ │ ├── @jimp/plugin-print@0.16.1
185 silly saveTree │ │ │ ├── @jimp/plugin-resize@0.16.1
185 silly saveTree │ │ │ ├── @jimp/plugin-rotate@0.16.1
185 silly saveTree │ │ │ ├── @jimp/plugin-scale@0.16.1
185 silly saveTree │ │ │ ├── @jimp/plugin-shadow@0.16.1
185 silly saveTree │ │ │ ├── @jimp/plugin-threshold@0.16.1
185 silly saveTree │ │ │ └── timm@1.7.1
185 silly saveTree │ │ ├─┬ @jimp/types@0.16.1
185 silly saveTree │ │ │ ├─┬ @jimp/bmp@0.16.1
185 silly saveTree │ │ │ │ └── bmp-js@0.1.0
185 silly saveTree │ │ │ ├─┬ @jimp/gif@0.16.1
185 silly saveTree │ │ │ │ ├─┬ gifwrap@0.9.2
185 silly saveTree │ │ │ │ │ ├── image-q@1.1.1
185 silly saveTree │ │ │ │ │ └── omggif@1.0.10
185 silly saveTree │ │ │ │ └── omggif@1.0.10
185 silly saveTree │ │ │ ├─┬ @jimp/jpeg@0.16.1
185 silly saveTree │ │ │ │ └── jpeg-js@0.4.2
185 silly saveTree │ │ │ ├── @jimp/png@0.16.1
185 silly saveTree │ │ │ └─┬ @jimp/tiff@0.16.1
185 silly saveTree │ │ │   └─┬ utif@2.0.1
185 silly saveTree │ │ │     └── pako@1.0.11
185 silly saveTree │ │ └── regenerator-runtime@0.13.7
185 silly saveTree │ ├─┬ music-metadata@7.7.0
185 silly saveTree │ │ ├── content-type@1.0.4
185 silly saveTree │ │ ├─┬ file-type@16.2.0
185 silly saveTree │ │ │ ├─┬ readable-web-to-node-stream@3.0.1
185 silly saveTree │ │ │ │ ├─┬ @types/readable-stream@2.3.9
185 silly saveTree │ │ │ │ │ └── safe-buffer@5.2.1
185 silly saveTree │ │ │ │ └─┬ readable-stream@3.6.0
185 silly saveTree │ │ │ │   ├── inherits@2.0.4
185 silly saveTree │ │ │ │   ├── string_decoder@1.3.0
185 silly saveTree │ │ │ │   └── util-deprecate@1.0.2
185 silly saveTree │ │ │ ├─┬ strtok3@6.0.8
185 silly saveTree │ │ │ │ ├── @tokenizer/token@0.1.1
185 silly saveTree │ │ │ │ ├── @types/debug@4.1.5
185 silly saveTree │ │ │ │ └── peek-readable@3.1.3
185 silly saveTree │ │ │ ├── token-types@2.1.1
185 silly saveTree │ │ │ └─┬ typedarray-to-buffer@3.1.5
185 silly saveTree │ │ │   └── is-typedarray@1.0.0
185 silly saveTree │ │ ├── media-typer@1.1.0
185 silly saveTree │ │ ├── strtok3@6.0.8
185 silly saveTree │ │ └── token-types@2.1.1
185 silly saveTree │ ├─┬ pino-pretty@4.5.0
185 silly saveTree │ │ ├── @hapi/bourne@2.0.0
185 silly saveTree │ │ ├─┬ args@5.0.1
185 silly saveTree │ │ │ ├── camelcase@5.0.0
185 silly saveTree │ │ │ ├─┬ chalk@2.4.2
185 silly saveTree │ │ │ │ ├─┬ ansi-styles@3.2.1
185 silly saveTree │ │ │ │ │ └─┬ color-convert@1.9.3
185 silly saveTree │ │ │ │ │   └── color-name@1.1.3
185 silly saveTree │ │ │ │ ├── escape-string-regexp@1.0.5
185 silly saveTree │ │ │ │ └─┬ supports-color@5.5.0
185 silly saveTree │ │ │ │   └── has-flag@3.0.0
185 silly saveTree │ │ │ ├── leven@2.1.0
185 silly saveTree │ │ │ └── mri@1.1.4
185 silly saveTree │ │ ├─┬ chalk@4.1.0
185 silly saveTree │ │ │ ├─┬ ansi-styles@4.3.0
185 silly saveTree │ │ │ │ └─┬ color-convert@2.0.1
185 silly saveTree │ │ │ │   └── color-name@1.1.4
185 silly saveTree │ │ │ └─┬ supports-color@7.2.0
185 silly saveTree │ │ │   └── has-flag@4.0.0
185 silly saveTree │ │ ├── dateformat@3.0.3
185 silly saveTree │ │ ├── fast-safe-stringify@2.0.7
185 silly saveTree │ │ ├── jmespath@0.15.0
185 silly saveTree │ │ ├── joycon@2.2.5
185 silly saveTree │ │ ├── split2@3.2.2
185 silly saveTree │ │ └── strip-json-comments@3.1.1
185 silly saveTree │ ├─┬ pino@6.11.1
185 silly saveTree │ │ ├── fast-redact@3.0.0
185 silly saveTree │ │ ├── flatstr@1.0.12
185 silly saveTree │ │ ├── pino-std-serializers@3.2.0
185 silly saveTree │ │ ├── quick-format-unescaped@4.0.1
185 silly saveTree │ │ └─┬ sonic-boom@1.3.2
185 silly saveTree │ │   └── atomic-sleep@1.0.0
185 silly saveTree │ ├─┬ protobufjs@6.10.2
185 silly saveTree │ │ ├── @protobufjs/aspromise@1.1.2
185 silly saveTree │ │ ├── @protobufjs/base64@1.1.2
185 silly saveTree │ │ ├── @protobufjs/codegen@2.0.4
185 silly saveTree │ │ ├── @protobufjs/eventemitter@1.1.0
185 silly saveTree │ │ ├─┬ @protobufjs/fetch@1.1.0
185 silly saveTree │ │ │ └── @protobufjs/inquire@1.1.0
185 silly saveTree │ │ ├── @protobufjs/float@1.0.2
185 silly saveTree │ │ ├── @protobufjs/inquire@1.1.0
185 silly saveTree │ │ ├── @protobufjs/path@1.1.2
185 silly saveTree │ │ ├── @protobufjs/pool@1.1.0
185 silly saveTree │ │ ├── @protobufjs/utf8@1.1.0
185 silly saveTree │ │ ├── @types/long@4.0.1
185 silly saveTree │ │ ├── @types/node@13.13.42
185 silly saveTree │ │ └── long@4.0.0
185 silly saveTree │ ├── qrcode-terminal@0.12.0
185 silly saveTree │ └── ws@7.4.3
185 silly saveTree ├─┬ @kagchi/kag-api@1.5.5
185 silly saveTree │ └─┬ axios@0.20.0
185 silly saveTree │   └── follow-redirects@1.13.2
185 silly saveTree ├─┬ async@2.6.3
185 silly saveTree │ └── lodash@4.17.20
185 silly saveTree ├── axios@0.21.1
185 silly saveTree ├─┬ cfonts@2.9.1
185 silly saveTree │ └─┬ window-size@1.1.1
185 silly saveTree │   ├─┬ define-property@1.0.0
185 silly saveTree │   │ └─┬ is-descriptor@1.0.2
185 silly saveTree │   │   ├─┬ is-accessor-descriptor@1.0.0
185 silly saveTree │   │   │ └── kind-of@6.0.3
185 silly saveTree │   │   ├── is-data-descriptor@1.0.0
185 silly saveTree │   │   └── kind-of@6.0.3
185 silly saveTree │   └─┬ is-number@3.0.0
185 silly saveTree │     └─┬ kind-of@3.2.2
185 silly saveTree │       └── is-buffer@1.1.6
185 silly saveTree ├── escape-string-regexp@1.0.5
185 silly saveTree ├── fake-useragent@1.0.1
185 silly saveTree ├─┬ fluent-ffmpeg@2.1.2
185 silly saveTree │ └─┬ which@1.3.1
185 silly saveTree │   └── isexe@2.0.0
185 silly saveTree ├── imgbb-uploader@1.3.0
185 silly saveTree ├── lolis.life@4.0.0
185 silly saveTree ├─┬ moment-timezone@0.5.33
185 silly saveTree │ └── moment@2.29.1
185 silly saveTree ├─┬ multistream@2.1.1
185 silly saveTree │ └─┬ readable-stream@2.3.7
185 silly saveTree │   ├── core-util-is@1.0.2
185 silly saveTree │   ├── isarray@1.0.0
185 silly saveTree │   ├── process-nextick-args@2.0.1
185 silly saveTree │   ├── safe-buffer@5.1.2
185 silly saveTree │   └── string_decoder@1.1.1
185 silly saveTree ├── node-fetch@2.6.1
185 silly saveTree ├─┬ remove.bg@1.3.0
185 silly saveTree │ ├─┬ request@2.88.2
185 silly saveTree │ │ ├── aws-sign2@0.7.0
185 silly saveTree │ │ ├── aws4@1.11.0
185 silly saveTree │ │ ├── caseless@0.12.0
185 silly saveTree │ │ ├─┬ combined-stream@1.0.8
185 silly saveTree │ │ │ └── delayed-stream@1.0.0
185 silly saveTree │ │ ├── extend@3.0.2
185 silly saveTree │ │ ├── forever-agent@0.6.1
185 silly saveTree │ │ ├─┬ form-data@2.3.3
185 silly saveTree │ │ │ ├── asynckit@0.4.0
185 silly saveTree │ │ │ └─┬ mime-types@2.1.28
185 silly saveTree │ │ │   └── mime-db@1.45.0
185 silly saveTree │ │ ├─┬ har-validator@5.1.5
185 silly saveTree │ │ │ ├─┬ ajv@6.12.6
185 silly saveTree │ │ │ │ ├── fast-deep-equal@3.1.3
185 silly saveTree │ │ │ │ ├── fast-json-stable-stringify@2.1.0
185 silly saveTree │ │ │ │ ├── json-schema-traverse@0.4.1
185 silly saveTree │ │ │ │ └─┬ uri-js@4.4.1
185 silly saveTree │ │ │ │   └── punycode@2.1.1
185 silly saveTree │ │ │ └── har-schema@2.0.0
185 silly saveTree │ │ ├─┬ http-signature@1.2.0
185 silly saveTree │ │ │ ├── assert-plus@1.0.0
185 silly saveTree │ │ │ ├─┬ jsprim@1.4.1
185 silly saveTree │ │ │ │ ├── extsprintf@1.3.0
185 silly saveTree │ │ │ │ ├── json-schema@0.2.3
185 silly saveTree │ │ │ │ └── verror@1.10.0
185 silly saveTree │ │ │ └─┬ sshpk@1.16.1
185 silly saveTree │ │ │   ├─┬ asn1@0.2.4
185 silly saveTree │ │ │   │ └── safer-buffer@2.1.2
185 silly saveTree │ │ │   ├─┬ bcrypt-pbkdf@1.0.2
185 silly saveTree │ │ │   │ └── tweetnacl@0.14.5
185 silly saveTree │ │ │   ├── dashdash@1.14.1
185 silly saveTree │ │ │   ├─┬ ecc-jsbn@0.1.2
185 silly saveTree │ │ │   │ └── jsbn@0.1.1
185 silly saveTree │ │ │   ├── getpass@0.1.7
185 silly saveTree │ │ │   ├── jsbn@0.1.1
185 silly saveTree │ │ │   ├── safer-buffer@2.1.2
185 silly saveTree │ │ │   └── tweetnacl@0.14.5
185 silly saveTree │ │ ├── isstream@0.1.2
185 silly saveTree │ │ ├── json-stringify-safe@5.0.1
185 silly saveTree │ │ ├── mime-types@2.1.28
185 silly saveTree │ │ ├── oauth-sign@0.9.0
185 silly saveTree │ │ ├── performance-now@2.1.0
185 silly saveTree │ │ ├── qs@6.5.2
185 silly saveTree │ │ ├─┬ tough-cookie@2.5.0
185 silly saveTree │ │ │ └── psl@1.8.0
185 silly saveTree │ │ ├── tunnel-agent@0.6.0
185 silly saveTree │ │ └── uuid@3.4.0
185 silly saveTree │ └─┬ unirest@0.6.0
185 silly saveTree │   ├─┬ form-data@0.2.0
185 silly saveTree │   │ ├── async@0.9.2
185 silly saveTree │   │ ├─┬ combined-stream@0.0.7
185 silly saveTree │   │ │ └── delayed-stream@0.0.5
185 silly saveTree │   │ └─┬ mime-types@2.0.14
185 silly saveTree │   │   └── mime-db@1.12.0
185 silly saveTree │   └── mime@2.5.0
185 silly saveTree ├── request@2.88.2
185 silly saveTree ├─┬ spinnies@0.5.1
185 silly saveTree │ ├── chalk@2.4.2
185 silly saveTree │ ├─┬ cli-cursor@3.1.0
185 silly saveTree │ │ └─┬ restore-cursor@3.1.0
185 silly saveTree │ │   ├─┬ onetime@5.1.2
185 silly saveTree │ │   │ └── mimic-fn@2.1.0
185 silly saveTree │ │   └── signal-exit@3.0.3
185 silly saveTree │ └─┬ strip-ansi@5.2.0
185 silly saveTree │   └── ansi-regex@4.1.0
185 silly saveTree └─┬ tiktok-scraper@1.4.17
185 silly saveTree   ├─┬ archiver@3.1.1
185 silly saveTree   │ ├─┬ archiver-utils@2.1.0
185 silly saveTree   │ │ ├─┬ glob@7.1.6
185 silly saveTree   │ │ │ ├── fs.realpath@1.0.0
185 silly saveTree   │ │ │ ├── inflight@1.0.6
185 silly saveTree   │ │ │ ├─┬ minimatch@3.0.4
185 silly saveTree   │ │ │ │ └─┬ brace-expansion@1.1.11
185 silly saveTree   │ │ │ │   ├── balanced-match@1.0.0
185 silly saveTree   │ │ │ │   └── concat-map@0.0.1
185 silly saveTree   │ │ │ └── path-is-absolute@1.0.1
185 silly saveTree   │ │ ├── graceful-fs@4.2.6
185 silly saveTree   │ │ ├─┬ lazystream@1.0.0
185 silly saveTree   │ │ │ └─┬ readable-stream@2.3.7
185 silly saveTree   │ │ │   ├── safe-buffer@5.1.2
185 silly saveTree   │ │ │   └── string_decoder@1.1.1
185 silly saveTree   │ │ ├── lodash.defaults@4.2.0
185 silly saveTree   │ │ ├── lodash.difference@4.5.0
185 silly saveTree   │ │ ├── lodash.flatten@4.4.0
185 silly saveTree   │ │ ├── lodash.isplainobject@4.0.6
185 silly saveTree   │ │ ├── lodash.union@4.6.0
185 silly saveTree   │ │ ├── normalize-path@3.0.0
185 silly saveTree   │ │ └─┬ readable-stream@2.3.7
185 silly saveTree   │ │   ├── safe-buffer@5.1.2
185 silly saveTree   │ │   └── string_decoder@1.1.1
185 silly saveTree   │ ├── buffer-crc32@0.2.13
185 silly saveTree   │ ├── glob@7.1.6
185 silly saveTree   │ ├─┬ tar-stream@2.2.0
185 silly saveTree   │ │ ├── bl@4.1.0
185 silly saveTree   │ │ └── fs-constants@1.0.0
185 silly saveTree   │ └─┬ zip-stream@2.1.3
185 silly saveTree   │   └─┬ compress-commons@2.1.1
185 silly saveTree   │     ├─┬ crc32-stream@3.0.1
185 silly saveTree   │     │ └── crc@3.8.0
185 silly saveTree   │     └─┬ readable-stream@2.3.7
185 silly saveTree   │       ├── safe-buffer@5.1.2
185 silly saveTree   │       └── string_decoder@1.1.1
185 silly saveTree   ├── async@3.2.0
185 silly saveTree   ├── bluebird@3.7.2
185 silly saveTree   ├─┬ json2csv@4.5.1
185 silly saveTree   │ ├── commander@2.20.3
185 silly saveTree   │ ├── jsonparse@1.3.1
185 silly saveTree   │ └── lodash.get@4.4.2
185 silly saveTree   ├─┬ ora@4.1.1
185 silly saveTree   │ ├─┬ chalk@3.0.0
185 silly saveTree   │ │ ├─┬ ansi-styles@4.3.0
185 silly saveTree   │ │ │ └─┬ color-convert@2.0.1
185 silly saveTree   │ │ │   └── color-name@1.1.4
185 silly saveTree   │ │ └─┬ supports-color@7.2.0
185 silly saveTree   │ │   └── has-flag@4.0.0
185 silly saveTree   │ ├── cli-spinners@2.5.0
185 silly saveTree   │ ├── is-interactive@1.0.0
185 silly saveTree   │ ├─┬ log-symbols@3.0.0
185 silly saveTree   │ │ └── chalk@2.4.2
185 silly saveTree   │ ├── mute-stream@0.0.8
185 silly saveTree   │ ├─┬ strip-ansi@6.0.0
185 silly saveTree   │ │ └── ansi-regex@5.0.0
185 silly saveTree   │ └─┬ wcwidth@1.0.1
185 silly saveTree   │   └─┬ defaults@1.0.3
185 silly saveTree   │     └── clone@1.0.4
185 silly saveTree   ├── progress@2.0.3
185 silly saveTree   ├─┬ request-promise@4.2.6
185 silly saveTree   │ ├── request-promise-core@1.1.4
185 silly saveTree   │ └── stealthy-require@1.1.1
185 silly saveTree   ├─┬ socks-proxy-agent@5.0.0
185 silly saveTree   │ └─┬ socks@2.5.1
185 silly saveTree   │   ├── ip@1.1.5
185 silly saveTree   │   └── smart-buffer@4.1.0
185 silly saveTree   └─┬ yargs@14.2.3
185 silly saveTree     ├─┬ cliui@5.0.0
185 silly saveTree     │ ├─┬ string-width@3.1.0
185 silly saveTree     │ │ ├── emoji-regex@7.0.3
185 silly saveTree     │ │ └── is-fullwidth-code-point@2.0.0
185 silly saveTree     │ └── wrap-ansi@5.1.0
185 silly saveTree     ├── decamelize@1.2.0
185 silly saveTree     ├─┬ find-up@3.0.0
185 silly saveTree     │ └─┬ locate-path@3.0.0
185 silly saveTree     │   ├─┬ p-locate@3.0.0
185 silly saveTree     │   │ └─┬ p-limit@2.3.0
185 silly saveTree     │   │   └── p-try@2.2.0
185 silly saveTree     │   └── path-exists@3.0.0
185 silly saveTree     ├── get-caller-file@2.0.5
185 silly saveTree     ├── require-directory@2.1.1
185 silly saveTree     ├── require-main-filename@2.0.0
185 silly saveTree     ├── set-blocking@2.0.0
185 silly saveTree     ├── string-width@3.1.0
185 silly saveTree     ├── which-module@2.0.0
185 silly saveTree     ├── y18n@4.0.1
185 silly saveTree     └── yargs-parser@15.0.1
186 verbose stack Error: EPERM: operation not permitted, symlink '../json2csv/bin/json2csv.js' -> '/storage/emulated/0/olaf/node_modules/.bin/json2csv'
187 verbose cwd /storage/emulated/0/olaf
188 verbose Linux 4.4.146+
189 verbose argv "/data/data/com.termux/files/usr/bin/node" "/data/data/com.termux/files/usr/bin/npm" "install"
190 verbose node v14.15.4
191 verbose npm  v6.14.10
192 error code EPERM
193 error syscall symlink
194 error path ../json2csv/bin/json2csv.js
195 error dest /storage/emulated/0/olaf/node_modules/.bin/json2csv
196 error errno -1
197 error Error: EPERM: operation not permitted, symlink '../json2csv/bin/json2csv.js' -> '/storage/emulated/0/olaf/node_modules/.bin/json2csv'
197 error  [OperationalError: EPERM: operation not permitted, symlink '../json2csv/bin/json2csv.js' -> '/storage/emulated/0/olaf/node_modules/.bin/json2csv'] {
197 error   cause: [Error: EPERM: operation not permitted, symlink '../json2csv/bin/json2csv.js' -> '/storage/emulated/0/olaf/node_modules/.bin/json2csv'] {
197 error     errno: -1,
197 error     code: 'EPERM',
197 error     syscall: 'symlink',
197 error     path: '../json2csv/bin/json2csv.js',
197 error     dest: '/storage/emulated/0/olaf/node_modules/.bin/json2csv'
197 error   },
197 error   errno: -1,
197 error   code: 'EPERM',
197 error   syscall: 'symlink',
197 error   path: '../json2csv/bin/json2csv.js',
197 error   dest: '/storage/emulated/0/olaf/node_modules/.bin/json2csv',
197 error   parent: 'olaf'
197 error }
198 error The operation was rejected by your operating system.
198 error It is likely you do not have the permissions to access this file as the current user
198 error
198 error If you believe this might be a permissions issue, please double-check the
198 error permissions of the file and its containing directories, or try running
198 error the command again as root/Administrator.
199 verbose exit [ -1, true ]
